TN:
SF:src\components\Breadcrumb.tsx
FN:4,(anonymous_0)
FN:6,(anonymous_1)
FN:16,(anonymous_2)
FNF:3
FNH:3
FNDA:16,(anonymous_0)
FNDA:59,(anonymous_1)
FNDA:11,(anonymous_2)
DA:1,1
DA:2,1
DA:4,1
DA:5,16
DA:6,59
DA:8,16
DA:17,11
DA:43,1
LF:8
LH:8
BRDA:11,0,0,13
BRDA:11,0,1,3
BRDA:12,1,0,0
BRDA:12,1,1,16
BRDA:14,2,0,13
BRDA:14,2,1,3
BRDA:19,3,0,7
BRDA:19,3,1,4
BRDA:22,4,0,7
BRDA:22,4,1,0
BRDA:24,5,0,0
BRDA:24,5,1,7
BRDA:32,6,0,3
BRDA:32,6,1,1
BRF:14
BRH:11
end_of_record
TN:
SF:src\components\CarCapacityInput.tsx
FN:8,(anonymous_1)
FNF:1
FNH:1
FNDA:7,(anonymous_1)
DA:1,1
DA:8,1
DA:9,7
DA:11,7
DA:40,1
LF:5
LH:5
BRDA:26,0,0,1
BRDA:26,0,1,6
BRDA:27,1,0,1
BRDA:27,1,1,6
BRDA:31,2,0,7
BRDA:31,2,1,1
BRF:6
BRH:6
end_of_record
TN:
SF:src\components\CarCategoryInput.tsx
FN:10,(anonymous_1)
FN:25,(anonymous_2)
FN:34,(anonymous_3)
FN:51,(anonymous_4)
FN:62,(anonymous_5)
FN:73,(anonymous_6)
FNF:6
FNH:6
FNDA:16,(anonymous_1)
FNDA:5,(anonymous_2)
FNDA:9,(anonymous_3)
FNDA:1,(anonymous_4)
FNDA:2,(anonymous_5)
FNDA:1,(anonymous_6)
DA:1,1
DA:2,1
DA:3,1
DA:10,1
DA:11,16
DA:12,16
DA:14,16
DA:26,5
DA:27,5
DA:35,9
DA:52,1
DA:53,1
DA:54,1
DA:55,1
DA:63,2
DA:64,2
DA:65,2
DA:66,2
DA:74,1
DA:75,1
DA:76,1
DA:77,1
DA:94,1
LF:23
LH:23
BRDA:24,0,0,1
BRDA:24,0,1,15
BRDA:35,1,0,9
BRDA:35,1,1,0
BRDA:38,2,0,1
BRDA:38,2,1,15
BRDA:44,3,0,5
BRDA:44,3,1,11
BRDA:47,4,0,16
BRDA:47,4,1,5
BRDA:85,5,0,16
BRDA:85,5,1,1
BRF:12
BRH:11
end_of_record
TN:
SF:src\components\CarDescriptionInput.tsx
FN:10,(anonymous_1)
FN:15,(anonymous_2)
FN:20,(anonymous_3)
FN:27,(anonymous_4)
FNF:4
FNH:4
FNDA:8,(anonymous_1)
FNDA:2,(anonymous_2)
FNDA:5,(anonymous_3)
FNDA:5,(anonymous_4)
DA:1,1
DA:2,1
DA:3,1
DA:10,1
DA:11,8
DA:13,8
DA:15,8
DA:16,2
DA:17,2
DA:20,8
DA:21,5
DA:22,1
DA:25,5
DA:28,5
DA:29,5
DA:35,8
DA:72,1
LF:17
LH:17
BRDA:21,0,0,1
BRDA:29,1,0,5
BRDA:29,1,1,0
BRDA:48,2,0,0
BRDA:48,2,1,8
BRDA:62,3,0,8
BRDA:62,3,1,0
BRF:7
BRH:4
end_of_record
TN:
SF:src\components\CarDriverServiceInput.tsx
FN:10,(anonymous_1)
FN:26,(anonymous_2)
FN:51,(anonymous_3)
FN:64,(anonymous_4)
FNF:4
FNH:4
FNDA:12,(anonymous_1)
FNDA:3,(anonymous_2)
FNDA:1,(anonymous_3)
FNDA:1,(anonymous_4)
DA:1,1
DA:2,1
DA:3,1
DA:10,1
DA:12,12
DA:13,12
DA:15,12
DA:27,3
DA:28,3
DA:52,1
DA:53,1
DA:56,1
DA:57,1
DA:65,1
DA:66,1
DA:69,1
DA:70,1
DA:87,1
LF:18
LH:18
BRDA:25,0,0,1
BRDA:25,0,1,11
BRDA:37,1,0,1
BRDA:37,1,1,11
BRDA:37,2,0,1
BRDA:37,2,1,0
BRDA:44,3,0,3
BRDA:44,3,1,9
BRDA:47,4,0,12
BRDA:47,4,1,3
BRDA:78,5,0,12
BRDA:78,5,1,1
BRF:12
BRH:11
end_of_record
TN:
SF:src\components\CarManufactureInput.tsx
FN:9,(anonymous_1)
FNF:1
FNH:1
FNDA:8,(anonymous_1)
DA:2,1
DA:9,1
DA:10,8
DA:12,8
DA:38,1
LF:5
LH:5
BRDA:25,0,0,1
BRDA:25,0,1,7
BRDA:26,1,0,1
BRDA:26,1,1,7
BRDA:29,2,0,8
BRDA:29,2,1,1
BRF:6
BRH:6
end_of_record
TN:
SF:src\components\CarModelInput.tsx
FN:9,(anonymous_1)
FNF:1
FNH:1
FNDA:8,(anonymous_1)
DA:2,1
DA:9,1
DA:10,8
DA:12,8
DA:36,1
LF:5
LH:5
BRDA:23,0,0,1
BRDA:23,0,1,7
BRDA:24,1,0,1
BRDA:24,1,1,7
BRDA:27,2,0,8
BRDA:27,2,1,1
BRF:6
BRH:6
end_of_record
TN:
SF:src\components\CarOptionsInput.tsx
FN:11,(anonymous_1)
FN:23,(anonymous_2)
FN:27,(anonymous_3)
FN:46,(anonymous_4)
FN:57,(anonymous_5)
FN:69,(anonymous_6)
FN:78,(anonymous_7)
FNF:7
FNH:5
FNDA:13,(anonymous_1)
FNDA:5,(anonymous_2)
FNDA:2,(anonymous_3)
FNDA:10,(anonymous_4)
FNDA:0,(anonymous_5)
FNDA:0,(anonymous_6)
FNDA:3,(anonymous_7)
DA:1,1
DA:2,1
DA:3,1
DA:5,1
DA:11,1
DA:12,13
DA:18,13
DA:23,13
DA:24,5
DA:25,1
DA:28,2
DA:35,13
DA:37,13
DA:47,10
DA:58,0
DA:59,0
DA:61,0
DA:69,0
DA:79,3
DA:80,3
DA:81,3
DA:82,0
DA:84,3
DA:94,1
LF:24
LH:19
BRDA:24,0,0,1
BRDA:24,1,0,5
BRDA:24,1,1,1
BRDA:58,2,0,0
BRDA:58,2,1,0
BRDA:65,3,0,4
BRDA:65,3,1,6
BRDA:65,4,0,10
BRDA:65,4,1,10
BRDA:81,5,0,0
BRDA:81,6,0,3
BRDA:81,6,1,0
BRF:12
BRH:8
end_of_record
TN:
SF:src\components\CarPlateInput.tsx
FN:9,(anonymous_1)
FNF:1
FNH:1
FNDA:11,(anonymous_1)
DA:2,1
DA:9,1
DA:10,11
DA:12,11
DA:43,1
LF:5
LH:5
BRDA:30,0,0,1
BRDA:30,0,1,10
BRDA:31,1,0,2
BRDA:31,1,1,9
BRDA:34,2,0,11
BRDA:34,2,1,2
BRF:6
BRH:6
end_of_record
TN:
SF:src\components\CarPriceInput.tsx
FN:9,(anonymous_1)
FN:15,(anonymous_2)
FN:27,(anonymous_3)
FN:34,(anonymous_4)
FN:44,(anonymous_5)
FNF:5
FNH:4
FNDA:11,(anonymous_1)
FNDA:2,(anonymous_2)
FNDA:0,(anonymous_3)
FNDA:2,(anonymous_4)
FNDA:9,(anonymous_5)
DA:1,1
DA:2,1
DA:9,1
DA:10,11
DA:13,11
DA:15,11
DA:16,2
DA:17,2
DA:19,2
DA:20,1
DA:21,1
DA:23,1
DA:27,11
DA:28,0
DA:29,0
DA:30,0
DA:34,11
DA:35,2
DA:36,2
DA:37,2
DA:39,2
DA:40,1
DA:44,11
DA:45,9
DA:46,1
DA:52,11
DA:87,1
LF:27
LH:24
BRDA:11,0,0,1
BRDA:11,0,1,10
BRDA:19,1,0,1
BRDA:19,1,1,1
BRDA:29,2,0,0
BRDA:35,3,0,2
BRDA:35,3,1,0
BRDA:39,4,0,1
BRDA:39,5,0,2
BRDA:39,5,1,1
BRDA:39,5,2,1
BRDA:45,6,0,1
BRDA:61,7,0,1
BRDA:61,7,1,10
BRDA:78,8,0,11
BRDA:78,8,1,1
BRF:16
BRH:14
end_of_record
TN:
SF:src\components\CarSpecsInput.tsx
FN:11,(anonymous_1)
FN:24,(anonymous_2)
FN:28,(anonymous_3)
FN:45,(anonymous_4)
FN:56,(anonymous_5)
FN:68,(anonymous_6)
FN:77,(anonymous_7)
FNF:7
FNH:5
FNDA:13,(anonymous_1)
FNDA:5,(anonymous_2)
FNDA:2,(anonymous_3)
FNDA:10,(anonymous_4)
FNDA:0,(anonymous_5)
FNDA:0,(anonymous_6)
FNDA:3,(anonymous_7)
DA:1,1
DA:2,1
DA:3,1
DA:5,1
DA:11,1
DA:12,13
DA:18,13
DA:22,13
DA:24,13
DA:25,5
DA:26,1
DA:29,2
DA:36,13
DA:46,10
DA:57,0
DA:58,0
DA:60,0
DA:68,0
DA:78,3
DA:79,3
DA:80,3
DA:81,0
DA:83,3
DA:93,1
LF:24
LH:19
BRDA:25,0,0,1
BRDA:25,1,0,5
BRDA:25,1,1,1
BRDA:57,2,0,0
BRDA:57,2,1,0
BRDA:64,3,0,4
BRDA:64,3,1,6
BRDA:64,4,0,10
BRDA:64,4,1,10
BRDA:80,5,0,0
BRDA:80,6,0,3
BRDA:80,6,1,0
BRF:12
BRH:8
end_of_record
TN:
SF:src\components\CarTransmissionInput.tsx
FN:9,(anonymous_1)
FNF:1
FNH:1
FNDA:8,(anonymous_1)
DA:2,1
DA:9,1
DA:10,8
DA:12,8
DA:38,1
LF:5
LH:5
BRDA:25,0,0,1
BRDA:25,0,1,7
BRDA:26,1,0,1
BRDA:26,1,1,7
BRDA:29,2,0,8
BRDA:29,2,1,1
BRF:6
BRH:6
end_of_record
TN:
SF:src\components\CarTypeInput.tsx
FN:9,(anonymous_1)
FNF:1
FNH:1
FNDA:8,(anonymous_1)
DA:2,1
DA:9,1
DA:10,8
DA:12,8
DA:38,1
LF:5
LH:5
BRDA:25,0,0,1
BRDA:25,0,1,7
BRDA:26,1,0,1
BRDA:26,1,1,7
BRDA:29,2,0,8
BRDA:29,2,1,1
BRF:6
BRH:6
end_of_record
TN:
SF:src\components\CarYearInput.tsx
FN:8,(anonymous_1)
FNF:1
FNH:1
FNDA:11,(anonymous_1)
DA:1,1
DA:8,1
DA:9,11
DA:11,11
DA:40,1
LF:5
LH:5
BRDA:26,0,0,1
BRDA:26,0,1,10
BRDA:27,1,0,2
BRDA:27,1,1,9
BRDA:31,2,0,11
BRDA:31,2,1,2
BRF:6
BRH:6
end_of_record
TN:
SF:src\components\HomeFooter.tsx
FN:1,(anonymous_0)
FNF:1
FNH:1
FNDA:5,(anonymous_0)
DA:1,1
DA:2,5
DA:60,1
LF:3
LH:3
BRF:0
BRH:0
end_of_record
TN:
SF:src\components\Loading.tsx
FN:1,(anonymous_0)
FNF:1
FNH:1
FNDA:3,(anonymous_0)
DA:1,1
DA:2,3
DA:24,1
LF:3
LH:3
BRF:0
BRH:0
end_of_record
TN:
SF:src\components\Pagination.tsx
FN:10,(anonymous_0)
FN:15,(anonymous_1)
FN:23,(anonymous_2)
FN:35,(anonymous_3)
FN:63,(anonymous_4)
FN:87,(anonymous_5)
FN:101,(anonymous_6)
FN:109,(anonymous_7)
FNF:8
FNH:2
FNDA:7,(anonymous_0)
FNDA:7,(anonymous_1)
FNDA:0,(anonymous_2)
FNDA:0,(anonymous_3)
FNDA:0,(anonymous_4)
FNDA:0,(anonymous_5)
FNDA:0,(anonymous_6)
FNDA:0,(anonymous_7)
DA:2,1
DA:10,1
DA:15,7
DA:16,7
DA:17,7
DA:18,1
DA:19,3
DA:23,0
DA:31,6
DA:35,0
DA:42,6
DA:43,2
DA:54,6
DA:55,6
DA:59,4
DA:63,0
DA:71,6
DA:72,5
DA:83,6
DA:87,0
DA:95,7
DA:97,7
DA:101,0
DA:109,0
DA:118,1
LF:25
LH:19
BRDA:17,0,0,1
BRDA:17,0,1,6
BRDA:22,1,0,1
BRDA:22,1,1,2
BRDA:34,2,0,3
BRDA:34,2,1,3
BRDA:42,3,0,2
BRDA:62,4,0,2
BRDA:62,4,1,2
BRDA:71,5,0,5
BRDA:86,6,0,1
BRDA:86,6,1,5
BRF:12
BRH:12
end_of_record
TN:
SF:src\components\Spinner.tsx
FN:1,(anonymous_0)
FNF:1
FNH:1
FNDA:2,(anonymous_0)
DA:1,1
DA:8,2
DA:19,1
LF:3
LH:3
BRF:0
BRH:0
end_of_record
TN:
SF:src\contexts\CarFormProvider.tsx
FN:30,(anonymous_0)
FN:41,(anonymous_1)
FNF:2
FNH:2
FNDA:122,(anonymous_0)
FNDA:8,(anonymous_1)
DA:1,13
DA:12,13
DA:28,13
DA:30,13
DA:39,122
DA:41,122
DA:42,8
DA:43,8
DA:44,8
DA:45,0
DA:46,0
DA:48,8
DA:51,122
DA:72,13
LF:14
LH:12
BRDA:44,0,0,0
BRF:1
BRH:0
end_of_record
TN:
SF:src\hooks\useCarForm.tsx
FN:4,(anonymous_0)
FNF:1
FNH:1
FNDA:134,(anonymous_0)
DA:1,13
DA:2,13
DA:4,13
DA:5,134
DA:6,134
DA:7,0
DA:21,134
DA:23,134
DA:38,13
LF:9
LH:8
BRDA:6,0,0,0
BRF:1
BRH:0
end_of_record
